<?xml version="1.0" encoding="UTF-8" ?>
<testsuite errors="0" failures="0" hostname="dev-pc" name="test.AgendaTest" skipped="0" tests="11" time="0.084" timestamp="2017-06-26T20:35:07">
  <properties>
    <property name="java.vendor" value="Oracle Corporation" />
    <property name="env.SESSION_MANAGER" value="local/dev-pc:@/tmp/.ICE-unix/1441,unix/dev-pc:/tmp/.ICE-unix/1441" />
    <property name="env.IM_CONFIG_PHASE" value="1" />
    <property name="env.LESSOPEN" value="| /usr/bin/lesspipe %s" />
    <property name="sun.java.launcher" value="SUN_STANDARD" />
    <property name="env.QT_IM_MODULE" value="ibus" />
    <property name="sun.management.compiler" value="HotSpot 64-Bit Tiered Compilers" />
    <property name="env.GTK2_MODULES" value="overlay-scrollbar" />
    <property name="os.name" value="Linux" />
    <property name="env.UPSTART_SESSION" value="unix:abstract=/com/ubuntu/upstart-session/1000/1183" />
    <property name="sun.boot.class.path" value="/usr/lib/jvm/java-8-oracle/jre/lib/resources.jar:/usr/lib/jvm/java-8-oracle/jre/lib/rt.jar:/usr/lib/jvm/java-8-oracle/jre/lib/sunrsasign.jar:/usr/lib/jvm/java-8-oracle/jre/lib/jsse.jar:/usr/lib/jvm/java-8-oracle/jre/lib/jce.jar:/usr/lib/jvm/java-8-oracle/jre/lib/charsets.jar:/usr/lib/jvm/java-8-oracle/jre/lib/jfr.jar:/usr/lib/jvm/java-8-oracle/jre/classes" />
    <property name="env.PWD" value="/home/dev/git/AlgoChatTP" />
    <property name="sun.desktop" value="gnome" />
    <property name="env.LANG" value="es_AR.UTF-8" />
    <property name="java.vm.specification.vendor" value="Oracle Corporation" />
    <property name="env.XDG_MENU_PREFIX" value="gnome-" />
    <property name="ant.home" value="/usr/share/ant" />
    <property name="java.runtime.version" value="1.8.0_131-b11" />
    <property name="env.GTK_IM_MODULE" value="ibus" />
    <property name="env.QT_LINUX_ACCESSIBILITY_ALWAYS_ON" value="1" />
    <property name="env.DEFAULTS_PATH" value="/usr/share/gconf/ubuntu.default.path" />
    <property name="env.UPSTART_EVENTS" value="xsession started" />
    <property name="env.XDG_VTNR" value="7" />
    <property name="env.DISPLAY" value=":0" />
    <property name="user.name" value="dev" />
    <property name="env.QT4_IM_MODULE" value="xim" />
    <property name="env._" value="/usr/bin/ant" />
    <property name="env.USER" value="dev" />
    <property name="env.SHELL" value="/bin/bash" />
    <property name="env.DESKTOP_SESSION" value="ubuntu" />
    <property name="env.XDG_DATA_DIRS" value="/usr/share/ubuntu:/usr/share/gnome:/usr/local/share/:/usr/share/:/var/lib/snapd/desktop" />
    <property name="env.NLSPATH" value="/usr/dt/lib/nls/msg/%L/%N.cat" />
    <property name="env.PATH" value="/home/dev/bin:/home/dev/.local/bin:/usr/local/sbin:/usr/local/bin:/usr/sbin:/usr/bin:/sbin:/bin:/usr/games:/usr/local/games:/snap/bin:/usr/lib/jvm/java-8-oracle/bin:/usr/lib/jvm/java-8-oracle/db/bin:/usr/lib/jvm/java-8-oracle/jre/bin" />
    <property name="env.XDG_CURRENT_DESKTOP" value="Unity" />
    <property name="user.language" value="es" />
    <property name="env.XDG_SESSION_DESKTOP" value="ubuntu" />
    <property name="sun.boot.library.path" value="/usr/lib/jvm/java-8-oracle/jre/lib/amd64" />
    <property name="env.UPSTART_JOB" value="unity7" />
    <property name="ant.project.default-target" value="build" />
    <property name="ant.project.name" value="AlgoChatTP" />
    <property name="java.version" value="1.8.0_131" />
    <property name="user.timezone" value="" />
    <property name="env.DBUS_SESSION_BUS_ADDRESS" value="unix:abstract=/tmp/dbus-IAgCQwwV9p" />
    <property name="sun.arch.data.model" value="64" />
    <property name="env.COMPIZ_CONFIG_PROFILE" value="ubuntu" />
    <property name="java.endorsed.dirs" value="/usr/lib/jvm/java-8-oracle/jre/lib/endorsed" />
    <property name="env.DERBY_HOME" value="/usr/lib/jvm/java-8-oracle/db" />
    <property name="sun.cpu.isalist" value="" />
    <property name="sun.jnu.encoding" value="UTF-8" />
    <property name="file.encoding.pkg" value="sun.io" />
    <property name="env.SHLVL" value="1" />
    <property name="file.separator" value="/" />
    <property name="java.specification.name" value="Java Platform API Specification" />
    <property name="env.GNOME_DESKTOP_SESSION_ID" value="this-is-deprecated" />
    <property name="java.class.version" value="52.0" />
    <property name="env.GDMSESSION" value="ubuntu" />
    <property name="user.country" value="AR" />
    <property name="env.GNOME_KEYRING_PID" value="" />
    <property name="java.home" value="/usr/lib/jvm/java-8-oracle/jre" />
    <property name="java.vm.info" value="mixed mode" />
    <property name="ant.file.AlgoChatTP" value="/home/dev/git/AlgoChatTP/build.xml" />
    <property name="env.LOGNAME" value="dev" />
    <property name="ant.file" value="/home/dev/git/AlgoChatTP/build.xml" />
    <property name="os.version" value="4.8.0-56-generic" />
    <property name="env.J2REDIR" value="/usr/lib/jvm/java-8-oracle/jre" />
    <property name="ant.file.type.AlgoChatTP" value="file" />
    <property name="path.separator" value=":" />
    <property name="java.vm.version" value="25.131-b11" />
    <property name="env.UPSTART_INSTANCE" value="" />
    <property name="env.LANGUAGE" value="es_AR:es" />
    <property name="ant.library.dir" value="/usr/share/ant/lib" />
    <property name="env.XDG_SESSION_PATH" value="/org/freedesktop/DisplayManager/Session0" />
    <property name="env.QT_QPA_PLATFORMTHEME" value="appmenu-qt5" />
    <property name="junit.output.dir" value="junit" />
    <property name="env.JAVA_HOME" value="/usr/lib/jvm/java-8-oracle" />
    <property name="env.XDG_SESSION_TYPE" value="x11" />
    <property name="env.SESSIONTYPE" value="gnome-session" />
    <property name="env.TERM" value="xterm-256color" />
    <property name="java.awt.printerjob" value="sun.print.PSPrinterJob" />
    <property name="sun.io.unicode.encoding" value="UnicodeLittle" />
    <property name="awt.toolkit" value="sun.awt.X11.XToolkit" />
    <property name="env.XMODIFIERS" value="@im=ibus" />
    <property name="env.GDM_LANG" value="es_AR" />
    <property name="user.home" value="/home/dev" />
    <property name="target" value="1.8" />
    <property name="env.JOB" value="unity-settings-daemon" />
    <property name="env.OLDPWD" value="/home/dev/git" />
    <property name="java.specification.vendor" value="Oracle Corporation" />
    <property name="env.VTE_VERSION" value="4205" />
    <property name="env.WINDOWID" value="71303178" />
    <property name="java.library.path" value="/usr/java/packages/lib/amd64:/usr/lib64:/lib64:/lib:/usr/lib" />
    <property name="java.vendor.url" value="http://java.oracle.com/" />
    <property name="java.vm.vendor" value="Oracle Corporation" />
    <property name="env.XDG_SEAT" value="seat0" />
    <property name="java.runtime.name" value="Java(TM) SE Runtime Environment" />
    <property name="ant.version" value="Apache Ant(TM) version 1.9.6 compiled on July 8 2015" />
    <property name="java.class.path" value="/home/dev/git/AlgoChatTP/bin:/home/dev/.p2/pool/plugins/org.junit_4.12.0.v201504281640/junit.jar:/home/dev/.p2/pool/plugins/org.hamcrest.core_1.3.0.v201303031735.jar:/usr/share/ant/lib/junit.jar:/usr/share/java/ant-launcher-1.9.6.jar:/usr/share/ant/lib/ant.jar:/usr/share/ant/lib/ant-junit.jar:/usr/share/ant/lib/ant-junit4.jar" />
    <property name="sun.java.command" value="org.apache.tools.ant.taskdefs.optional.junit.JUnitTestRunner test.AgendaTest skipNonTests=false filtertrace=true haltOnError=false haltOnFailure=false formatter=org.apache.tools.ant.taskdefs.optional.junit.OutErrSummaryJUnitResultFormatter showoutput=false outputtoformatters=true logfailedtests=true threadid=0 logtestlistenerevents=false formatter=org.apache.tools.ant.taskdefs.optional.junit.XMLJUnitResultFormatter,/home/dev/git/AlgoChatTP/junit/TEST-test.AgendaTest.xml crashfile=/home/dev/git/AlgoChatTP/junitvmwatcher3539199514934377518.properties propsfile=/home/dev/git/AlgoChatTP/junit5758544166567292861.properties" />
    <property name="env.XDG_SESSION_ID" value="c2" />
    <property name="env.QT_ACCESSIBILITY" value="1" />
    <property name="env.XFILESEARCHPATH" value="/usr/dt/app-defaults/%L/Dt" />
    <property name="java.vm.specification.name" value="Java Virtual Machine Specification" />
    <property name="ant.file.type" value="file" />
    <property name="java.vm.specification.version" value="1.8" />
    <property name="sun.cpu.endian" value="little" />
    <property name="sun.os.patch.level" value="unknown" />
    <property name="env.HOME" value="/home/dev" />
    <property name="debuglevel" value="source,lines,vars" />
    <property name="env.LS_COLORS" value="rs=0:di=01;34:ln=01;36:mh=00:pi=40;33:so=01;35:do=01;35:bd=40;33;01:cd=40;33;01:or=40;31;01:mi=00:su=37;41:sg=30;43:ca=30;41:tw=30;42:ow=34;42:st=37;44:ex=01;32:*.tar=01;31:*.tgz=01;31:*.arc=01;31:*.arj=01;31:*.taz=01;31:*.lha=01;31:*.lz4=01;31:*.lzh=01;31:*.lzma=01;31:*.tlz=01;31:*.txz=01;31:*.tzo=01;31:*.t7z=01;31:*.zip=01;31:*.z=01;31:*.Z=01;31:*.dz=01;31:*.gz=01;31:*.lrz=01;31:*.lz=01;31:*.lzo=01;31:*.xz=01;31:*.bz2=01;31:*.bz=01;31:*.tbz=01;31:*.tbz2=01;31:*.tz=01;31:*.deb=01;31:*.rpm=01;31:*.jar=01;31:*.war=01;31:*.ear=01;31:*.sar=01;31:*.rar=01;31:*.alz=01;31:*.ace=01;31:*.zoo=01;31:*.cpio=01;31:*.7z=01;31:*.rz=01;31:*.cab=01;31:*.jpg=01;35:*.jpeg=01;35:*.gif=01;35:*.bmp=01;35:*.pbm=01;35:*.pgm=01;35:*.ppm=01;35:*.tga=01;35:*.xbm=01;35:*.xpm=01;35:*.tif=01;35:*.tiff=01;35:*.png=01;35:*.svg=01;35:*.svgz=01;35:*.mng=01;35:*.pcx=01;35:*.mov=01;35:*.mpg=01;35:*.mpeg=01;35:*.m2v=01;35:*.mkv=01;35:*.webm=01;35:*.ogm=01;35:*.mp4=01;35:*.m4v=01;35:*.mp4v=01;35:*.vob=01;35:*.qt=01;35:*.nuv=01;35:*.wmv=01;35:*.asf=01;35:*.rm=01;35:*.rmvb=01;35:*.flc=01;35:*.avi=01;35:*.fli=01;35:*.flv=01;35:*.gl=01;35:*.dl=01;35:*.xcf=01;35:*.xwd=01;35:*.yuv=01;35:*.cgm=01;35:*.emf=01;35:*.ogv=01;35:*.ogx=01;35:*.aac=00;36:*.au=00;36:*.flac=00;36:*.m4a=00;36:*.mid=00;36:*.midi=00;36:*.mka=00;36:*.mp3=00;36:*.mpc=00;36:*.ogg=00;36:*.ra=00;36:*.wav=00;36:*.oga=00;36:*.opus=00;36:*.spx=00;36:*.xspf=00;36:" />
    <property name="java.io.tmpdir" value="/tmp" />
    <property name="env.XDG_SEAT_PATH" value="/org/freedesktop/DisplayManager/Seat0" />
    <property name="java.vendor.url.bug" value="http://bugreport.sun.com/bugreport/" />
    <property name="env.SSH_AUTH_SOCK" value="/run/user/1000/keyring/ssh" />
    <property name="env.CLUTTER_IM_MODULE" value="xim" />
    <property name="java.awt.graphicsenv" value="sun.awt.X11GraphicsEnvironment" />
    <property name="os.arch" value="amd64" />
    <property name="env.INSTANCE" value="" />
    <property name="env.XDG_RUNTIME_DIR" value="/run/user/1000" />
    <property name="java.ext.dirs" value="/usr/lib/jvm/java-8-oracle/jre/lib/ext:/usr/java/packages/lib/ext" />
    <property name="env.SESSION" value="ubuntu" />
    <property name="env.XAUTHORITY" value="/home/dev/.Xauthority" />
    <property name="user.dir" value="/home/dev/git/AlgoChatTP" />
    <property name="env.MANDATORY_PATH" value="/usr/share/gconf/ubuntu.mandatory.path" />
    <property name="env.GTK_MODULES" value="gail:atk-bridge:unity-gtk-module" />
    <property name="env.J2SDKDIR" value="/usr/lib/jvm/java-8-oracle" />
    <property name="line.separator" value="&#xa;" />
    <property name="java.vm.name" value="Java HotSpot(TM) 64-Bit Server VM" />
    <property name="env.XDG_GREETER_DATA_DIR" value="/var/lib/lightdm-data/dev" />
    <property name="basedir" value="/home/dev/git/AlgoChatTP" />
    <property name="ant.java.version" value="1.8" />
    <property name="ant.core.lib" value="/usr/share/ant/lib/ant.jar" />
    <property name="source" value="1.8" />
    <property name="file.encoding" value="UTF-8" />
    <property name="env.COMPIZ_BIN_PATH" value="/usr/bin/" />
    <property name="env.GPG_AGENT_INFO" value="/home/dev/.gnupg/S.gpg-agent:0:1" />
    <property name="java.specification.version" value="1.8" />
    <property name="env.GNOME_KEYRING_CONTROL" value="" />
    <property name="ant.project.invoked-targets" value="AgendaTest" />
    <property name="env.XDG_CONFIG_DIRS" value="/etc/xdg/xdg-ubuntu:/usr/share/upstart/xdg:/etc/xdg" />
    <property name="env.LESSCLOSE" value="/usr/bin/lesspipe %s %s" />
  </properties>
  <testcase classname="test.AgendaTest" name="agregarContactoYVerificarQueSeAgrego" time="0.002" />
  <testcase classname="test.AgendaTest" name="agregar1ContactoQueEnviaMensajeYOtroQueNoHaceNadaYVerificarCantidadDeChats" time="0.0" />
  <testcase classname="test.AgendaTest" name="noAgregarContactoeIntentarObtenerlo" time="0.001" />
  <testcase classname="test.AgendaTest" name="agregar1ContactoAGrupoYVerificarCantidadDeContactos" time="0.001" />
  <testcase classname="test.AgendaTest" name="agregarGrupoYVerificarQueSeAgrego" time="0.0" />
  <testcase classname="test.AgendaTest" name="noAgregarGrupoYVerificarQueNoHayGrupos" time="0.0" />
  <testcase classname="test.AgendaTest" name="agregarGrupoYVerificarQueExiste" time="0.0" />
  <testcase classname="test.AgendaTest" name="agregarContactoYObtenerlo" time="0.0" />
  <testcase classname="test.AgendaTest" name="agregarContactoYVerificarQueExiste" time="0.0" />
  <testcase classname="test.AgendaTest" name="agregar0ContactoAGrupoYVerificarQueUsuarioEsteEnELGrupo" time="0.0" />
  <testcase classname="test.AgendaTest" name="noAgregarContactoYVerificarQueNoHayContactos" time="0.0" />
  <system-out><![CDATA[]]></system-out>
  <system-err><![CDATA[]]></system-err>
</testsuite>
